<?xml version="1.0" encoding="UTF-8"?>
<testsuite xmlns:xsi="http://www.w3.org/2001/XMLSchema-instance" xsi:noNamespaceSchemaLocation="https://maven.apache.org/surefire/maven-surefire-plugin/xsd/surefire-test-report.xsd" name="tests.JUnit4Runner" time="0.183" tests="13" errors="0" skipped="0" failures="0">
  <properties>
[...]
</properties>
  <testcase name="dDivisionTest" classname="tests.CalculatorTest" time="0.005"/>
  <testcase name="cMultiplicationTest" classname="tests.CalculatorTest" time="0"/>
  <testcase name="bSubtractionTest" classname="tests.CalculatorTest" time="0"/>
  <testcase name="aAdditionTest" classname="tests.CalculatorTest" time="0.001"/>
  <testcase name="bCheckOddNumberTest" classname="tests.EvenOddCheckerTest" time="0.012"/>
  <testcase name="aCheckEvenNumberTest" classname="tests.EvenOddCheckerTest" time="0.006"/>
  <testcase name="fCheckConstructorLengthTest" classname="tests.RectangleTest" time="0"/>
  <testcase name="fCheckConstructorWidthTest" classname="tests.RectangleTest" time="0"/>
  <testcase name="aCheckDefaultLengthTest" classname="tests.RectangleTest" time="0"/>
  <testcase name="dCheckSetterWidthTest" classname="tests.RectangleTest" time="0"/>
  <testcase name="bCheckDefaultWidthTest" classname="tests.RectangleTest" time="0"/>
  <testcase name="cCheckSetterLengthTest" classname="tests.RectangleTest" time="0"/>
  <testcase name="eCheckGetAreaTest" classname="tests.RectangleTest" time="0"/>
</testsuite>